<?xml version="1.0" encoding="UTF-8"?>
<testng-results skipped="0" failed="0" ignored="0" total="1" passed="1">
  <reporter-output>
  </reporter-output>
  <suite name="Default suite" duration-ms="22181" started-at="2020-08-18T15:50:31Z" finished-at="2020-08-18T15:50:53Z">
    <groups>
    </groups>
    <test name="Default test" duration-ms="22181" started-at="2020-08-18T15:50:31Z" finished-at="2020-08-18T15:50:53Z">
      <class name="com.test.Transfer">
        <test-method status="PASS" signature="loginTest()[pri:0, instance:com.test.Transfer@51c8530f]" name="loginTest" duration-ms="22147" started-at="2020-08-18T15:50:31Z" finished-at="2020-08-18T15:50:53Z">
          <reporter-output>
          </reporter-output>
        </test-method> <!-- loginTest -->
      </class> <!-- com.test.Transfer -->
    </test> <!-- Default test -->
  </suite> <!-- Default suite -->
</testng-results>
